[09Jul2024 00:00:15.175] [Server thread/INFO] [net.minecraft.server.MinecraftServer/]: [Not Secure] <AntiCristo21> aaa
[09Jul2024 00:00:20.422] [Server thread/INFO] [net.minecraft.server.network.ServerGamePacketListenerImpl/]: AntiCristo21 lost connection: Timed out
[09Jul2024 00:00:20.423] [Server thread/INFO] [net.minecraft.server.MinecraftServer/]: AntiCristo21 left the game
[09Jul2024 00:00:28.322] [Server thread/INFO] [net.minecraft.server.MinecraftServer/]: [Not Secure] <Kamder> mi pana el menos lag:
[09Jul2024 00:00:30.423] [Server thread/INFO] [net.minecraft.server.MinecraftServer/]: [Not Secure] [Server] duerme xd
[09Jul2024 00:01:44.436] [Server thread/INFO] [net.minecraft.server.players.PlayerList/]: AntiCristo21[/127.111.236.208:59641] logged in with entity id 21366 at (1332.0540620909596, 79.17675927506424, 1247.5393478187425)
[09Jul2024 00:01:44.440] [Server thread/INFO] [org.betterx.worlds.together.util.Logger/]: [betternether] Freeze Registry[ResourceKey[minecraft:root / worlds_together:worldgen/betterx/surface_rules] (Stable)]
[09Jul2024 00:01:44.448] [Server thread/INFO] [net.minecraft.server.MinecraftServer/]: AntiCristo21 joined the game
[09Jul2024 00:01:44.454] [Server thread/INFO] [ToolLeveling+/]: Sending config 'tool_leveling_table.json' to player 'AntiCristo21'
[09Jul2024 00:01:44.454] [Server thread/INFO] [ToolLeveling+/]: Sending config 'command_config.json' to player 'AntiCristo21'
[09Jul2024 00:01:44.952] [Server thread/INFO] [org.betterx.worlds.together.util.Logger/]: [bclib] Received Hello from Client. (server=3.0.14, client=3.0.14)
[09Jul2024 00:01:44.952] [Server thread/INFO] [org.betterx.worlds.together.util.Logger/]: [bclib] Sending Hello to Client. (server=3.0.14)
[09Jul2024 00:01:44.953] [Server thread/INFO] [org.betterx.worlds.together.util.Logger/]: [bclib] 	- Listing Mod betternether v9.0.10 (size: 21.9 MiB, download=true)
[09Jul2024 00:01:44.953] [Server thread/INFO] [org.betterx.worlds.together.util.Logger/]: [bclib] 	- Listing Mod bclib v3.0.14 (size: 2.2 MiB, download=true)
[09Jul2024 00:01:44.953] [Server thread/INFO] [org.betterx.worlds.together.util.Logger/]: [bclib] 	- Offering Config bclib.CONFIG_betternether.main
[09Jul2024 00:01:44.953] [Server thread/INFO] [org.betterx.worlds.together.util.Logger/]: [bclib] 	- Offering Config bclib.CONFIG_betternether.generator
[09Jul2024 00:01:44.953] [Server thread/INFO] [org.betterx.worlds.together.util.Logger/]: [bclib] 	- Offering Config bclib.CONFIG_betternether.blocks
[09Jul2024 00:01:44.953] [Server thread/INFO] [org.betterx.worlds.together.util.Logger/]: [bclib] 	- Offering Config bclib.CONFIG_betternether.items
[09Jul2024 00:01:44.953] [Server thread/INFO] [org.betterx.worlds.together.util.Logger/]: [bclib] 	- Offering Config bclib.CONFIG_betternether.biomes
[09Jul2024 00:01:44.954] [Server thread/INFO] [org.betterx.worlds.together.util.Logger/]: [bclib] 	- Offering Config bclib.CONFIG_betternether.mobs
[09Jul2024 00:01:44.954] [Server thread/INFO] [org.betterx.worlds.together.util.Logger/]: [bclib] 	- Offering Config bclib.CONFIG_bclib.generator
[09Jul2024 00:01:44.954] [Server thread/INFO] [org.betterx.worlds.together.util.Logger/]: [bclib] 	- Offering Config bclib.CONFIG_bclib.main
[09Jul2024 00:01:44.954] [Server thread/INFO] [org.betterx.worlds.together.util.Logger/]: [bclib] 	- Offering Config bclib.CONFIG_bclib.biomes
[09Jul2024 00:01:44.954] [Server thread/INFO] [org.betterx.worlds.together.util.Logger/]: [bclib] 	- Offering Config bclib.CONFIG_betterend.entities
[09Jul2024 00:01:44.954] [Server thread/INFO] [org.betterx.worlds.together.util.Logger/]: [bclib] 	- Offering Config bclib.CONFIG_betterend.blocks
[09Jul2024 00:01:44.954] [Server thread/INFO] [org.betterx.worlds.together.util.Logger/]: [bclib] 	- Offering Config bclib.CONFIG_betterend.items
[09Jul2024 00:01:44.954] [Server thread/INFO] [org.betterx.worlds.together.util.Logger/]: [bclib] 	- Offering Config bclib.CONFIG_betterend.enchantments
[09Jul2024 00:01:44.954] [Server thread/INFO] [org.betterx.worlds.together.util.Logger/]: [bclib] 	- Offering Folder /workspaces/Modgest/servidor_minecraft/bclib-sync (allowDelete=true)
[09Jul2024 00:01:49.334] [Server thread/INFO] [net.minecraft.server.MinecraftServer/]: [Not Secure] <AntiCristo21> aaaa
[09Jul2024 00:01:52.625] [Server thread/INFO] [net.minecraft.server.MinecraftServer/]: [Not Secure] <AntiCristo21> wtf
[09Jul2024 00:01:55.285] [Server thread/INFO] [net.minecraft.server.MinecraftServer/]: [Not Secure] <Kamder> ?
[09Jul2024 00:01:57.491] [Server thread/INFO] [net.minecraft.server.MinecraftServer/]: [Not Secure] <AntiCristo21> no me cargaxddd
[09Jul2024 00:01:59.988] [Server thread/INFO] [net.minecraft.server.MinecraftServer/]: [Not Secure] <Kamder> xd
[09Jul2024 00:02:03.487] [Server thread/INFO] [net.minecraft.server.MinecraftServer/]: [Not Secure] <AntiCristo21> aa
[09Jul2024 00:02:05.727] [Server thread/INFO] [net.minecraft.server.MinecraftServer/]: [Not Secure] <AntiCristo21> alfin
[09Jul2024 00:05:29.959] [Server thread/INFO] [net.minecraft.server.MinecraftServer/]: [Not Secure] <Kamder> sharp 5 39 ems
[09Jul2024 00:05:32.357] [Server thread/INFO] [net.minecraft.server.MinecraftServer/]: [Not Secure] <Kamder> nomames
[09Jul2024 00:05:47.193] [Server thread/INFO] [net.minecraft.server.MinecraftServer/]: [Not Secure] <Kamder> lo dejo o lo cambio
[09Jul2024 00:05:48.525] [Server thread/INFO] [net.minecraft.server.MinecraftServer/]: [Not Secure] <AntiCristo21> XD
[09Jul2024 00:05:55.779] [Server thread/INFO] [net.minecraft.server.MinecraftServer/]: [Not Secure] <AntiCristo21> non
[09Jul2024 00:06:00.294] [Server thread/INFO] [net.minecraft.server.MinecraftServer/]: [Not Secure] <AntiCristo21> tacarogracias
[09Jul2024 00:06:17.626] [Server thread/INFO] [net.minecraft.server.MinecraftServer/]: [Not Secure] <Kamder> xd
[09Jul2024 00:06:20.673] [Server thread/INFO] [net.minecraft.server.MinecraftServer/]: [Not Secure] <AntiCristo21> xd
[09Jul2024 00:06:32.525] [Server thread/INFO] [net.minecraft.server.MinecraftServer/]: [Not Secure] <Kamder> a seguir sufriendo
[09Jul2024 00:06:45.526] [Server thread/INFO] [net.minecraft.server.MinecraftServer/]: [Not Secure] <AntiCristo21> ORANGUTANES WEE
[09Jul2024 00:06:47.576] [Server thread/INFO] [net.minecraft.server.MinecraftServer/]: [Not Secure] <AntiCristo21> XDD
[09Jul2024 00:06:50.482] [Server thread/INFO] [net.minecraft.server.MinecraftServer/]: [Not Secure] <Kamder> robate uno
[09Jul2024 00:06:56.851] [Server thread/INFO] [net.minecraft.server.MinecraftServer/]: [Not Secure] <AntiCristo21> yata
[09Jul2024 00:06:58.787] [Server thread/INFO] [net.minecraft.server.MinecraftServer/]: [Not Secure] <AntiCristo21> pero
[09Jul2024 00:07:04.233] [Server thread/INFO] [net.minecraft.server.MinecraftServer/]: [Not Secure] <AntiCristo21> estoy a mil bloques xd
[09Jul2024 00:07:08.946] [Server thread/INFO] [net.minecraft.server.MinecraftServer/]: [Not Secure] <Kamder> aiwei
[09Jul2024 00:07:49.230] [Server thread/INFO] [net.minecraft.server.MinecraftServer/]: [Not Secure] <Kamder> WTF
[09Jul2024 00:07:51.729] [Server thread/INFO] [net.minecraft.server.MinecraftServer/]: [Not Secure] <AntiCristo21> q
[09Jul2024 00:07:53.577] [Server thread/INFO] [net.minecraft.server.MinecraftServer/]: [Not Secure] <Kamder> mira ds
[09Jul2024 00:08:39.640] [Server thread/INFO] [net.minecraft.server.MinecraftServer/]: [Not Secure] <AntiCristo21> wtff
[09Jul2024 00:08:44.459] [Server thread/INFO] [net.minecraft.server.MinecraftServer/]: [Not Secure] <AntiCristo21> sepueden montarxd
[09Jul2024 00:08:46.083] [Server thread/INFO] [net.minecraft.server.MinecraftServer/]: [Not Secure] <Kamder> xd
[09Jul2024 00:09:02.537] [Server thread/INFO] [net.minecraft.server.MinecraftServer/]: [Not Secure] <Kamder> ocean ancient city map
[09Jul2024 00:09:03.313] [Server thread/INFO] [net.minecraft.server.MinecraftServer/]: [Not Secure] <Kamder> vende
